<?xml version="1.0" encoding="UTF-8"?>
<!-- Generated by org.testng.reporters.JUnitReportReporter -->
<testsuite hostname="G8Y62L72E" name="com.ad.server.test.AdvertiseControllerTest" tests="1" failures="0" timestamp="27 Aug 2017 23:55:04 GMT" time="0.091" errors="0">
  <testcase name="testAdvertiseGet" time="0.091" classname="com.ad.server.test.AdvertiseControllerTest"/>
</testsuite> <!-- com.ad.server.test.AdvertiseControllerTest -->
